2026-06-29 09:45:09  === Auto-update start ===
2026-06-29 09:45:09  Download FAILED: At C:\Users\CloudUser\Desktop\DaniilK-utrau\scripts\download.ps1:31 char:80
+ ... //docs.google.com/spreadsheets/d/$SHEET_ID/export?format=csv&gid=$gid ...
+                                                                 ~
The ampersand (&) character is not allowed. The & operator is reserved for future use; wrap an ampersand in double quotation marks ("&") to pass it as part of a string.

At C:\Users\CloudUser\Desktop\DaniilK-utrau\scripts\download.ps1:38 char:32
+         Write-Host " OK ($rows СЃС‚СЂРѕРє)" -ForegroundColor Green
+                                ~~~~~~~~~~~~~~~~~~~~~~~~~~~~~~~~~~~
Unexpected token 'СЃС‚СЂРѕРє)" -ForegroundColor Green
        $ok++
    } catch {
        Write-Host " РћРЁРР‘РљРђ:' in expression or statement.

At C:\Users\CloudUser\Desktop\DaniilK-utrau\scripts\download.ps1:38 char:31
+         Write-Host " OK ($rows СЃС‚СЂРѕРє)" -ForegroundColor Green
+                               ~
Missing closing ')' in expression.

At C:\Users\CloudUser\Desktop\DaniilK-utrau\scripts\download.ps1:50 char:42
+     & (Join-Path $PSScriptRoot "build.ps1")
+                                          ~~
The string is missing the terminator: ".

At C:\Users\CloudUser\Desktop\DaniilK-utrau\scripts\download.ps1:26 char:40
+     if ([string]::IsNullOrEmpty($gid)) {
+                                        ~
Missing closing '}' in statement block or type definition.

At C:\Users\CloudUser\Desktop\DaniilK-utrau\scripts\download.ps1:24 char:45
+ foreach ($year in $TABS.Keys | Sort-Object) {
+                                             ~
Missing closing '}' in statement block or type definition.
2026-06-29 09:46:10  === Auto-update start ===
2026-06-29 09:46:14  Download OK
2026-06-29 09:46:14  Build OK
